<?xml version="1.0" encoding="UTF-8"?>
<testng-results ignored="1" total="2" passed="1" failed="0" skipped="0">
  <reporter-output>
    <line>
      <![CDATA[===server started===]]>
    </line>
    <line>
      <![CDATA[===database connected sucessfully===]]>
    </line>
    <line>
      <![CDATA[==chromelaunched sucessfully]]>
    </line>
    <line>
      <![CDATA[==browser closed sucessfully]]>
    </line>
    <line>
      <![CDATA[==database closed sucessfully]]>
    </line>
    <line>
      <![CDATA[==server closed sucessfully==]]>
    </line>
  </reporter-output>
  <suite started-at="2025-08-21T15:43:24 IST" name="Default suite" finished-at="2025-08-21T15:43:32 IST" duration-ms="8068">
    <groups>
    </groups>
    <test started-at="2025-08-21T15:43:24 IST" name="Default test" finished-at="2025-08-21T15:43:32 IST" duration-ms="8068">
      <class name="com.Ecommerce.login.LoginTest">
        <test-method is-config="true" signature="toConnectServer()[pri:0, instance:com.Ecommerce.login.LoginTest@76494737]" started-at="2025-08-21T15:43:24 IST" name="toConnectServer" finished-at="2025-08-21T15:43:24 IST" duration-ms="17" status="PASS">
          <reporter-output>
            <line>
              <![CDATA[===server started===]]>
            </line>
          </reporter-output>
        </test-method> <!-- toConnectServer -->
        <test-method is-config="true" signature="toConnectDatabase()[pri:0, instance:com.Ecommerce.login.LoginTest@76494737]" started-at="2025-08-21T15:43:24 IST" name="toConnectDatabase" finished-at="2025-08-21T15:43:24 IST" duration-ms="1" status="PASS">
          <reporter-output>
            <line>
              <![CDATA[===database connected sucessfully===]]>
            </line>
          </reporter-output>
        </test-method> <!-- toConnectDatabase -->
        <test-method is-config="true" signature="setUp(java.lang.String)[pri:0, instance:com.Ecommerce.login.LoginTest@76494737]" started-at="2025-08-21T15:43:24 IST" name="setUp" finished-at="2025-08-21T15:43:30 IST" duration-ms="5055" status="PASS">
          <params>
            <param index="0">
              <value>
                <![CDATA[chrome]]>
              </value>
            </param>
          </params>
          <reporter-output>
            <line>
              <![CDATA[==chromelaunched sucessfully]]>
            </line>
          </reporter-output>
        </test-method> <!-- setUp -->
        <test-method signature="positiveLoginTest(java.lang.String,java.lang.String)[pri:1, instance:com.Ecommerce.login.LoginTest@76494737]" started-at="2025-08-21T15:43:30 IST" name="positiveLoginTest" data-provider="positiveData" finished-at="2025-08-21T15:43:32 IST" duration-ms="1791" status="PASS">
          <params>
            <param index="0">
              <value>
                <![CDATA[d123456789@gmail.com]]>
              </value>
            </param>
            <param index="1">
              <value>
                <![CDATA[d@123456]]>
              </value>
            </param>
          </params>
          <reporter-output>
          </reporter-output>
        </test-method> <!-- positiveLoginTest -->
        <test-method is-config="true" signature="tearDown()[pri:0, instance:com.Ecommerce.login.LoginTest@76494737]" started-at="2025-08-21T15:43:32 IST" name="tearDown" finished-at="2025-08-21T15:43:32 IST" duration-ms="254" status="PASS">
          <reporter-output>
            <line>
              <![CDATA[==browser closed sucessfully]]>
            </line>
          </reporter-output>
        </test-method> <!-- tearDown -->
        <test-method is-config="true" signature="toCloseDb()[pri:0, instance:com.Ecommerce.login.LoginTest@76494737]" started-at="2025-08-21T15:43:32 IST" name="toCloseDb" finished-at="2025-08-21T15:43:32 IST" duration-ms="0" status="PASS">
          <reporter-output>
            <line>
              <![CDATA[==database closed sucessfully]]>
            </line>
          </reporter-output>
        </test-method> <!-- toCloseDb -->
        <test-method is-config="true" signature="toCloseServer()[pri:0, instance:com.Ecommerce.login.LoginTest@76494737]" started-at="2025-08-21T15:43:33 IST" name="toCloseServer" finished-at="2025-08-21T15:43:33 IST" duration-ms="0" status="PASS">
          <reporter-output>
            <line>
              <![CDATA[==server closed sucessfully==]]>
            </line>
          </reporter-output>
        </test-method> <!-- toCloseServer -->
      </class> <!-- com.Ecommerce.login.LoginTest -->
    </test> <!-- Default test -->
  </suite> <!-- Default suite -->
</testng-results>
