<?xml version="1.0" encoding="UTF-8"?>
<testng-results ignored="0" total="1" passed="1" failed="0" skipped="0">
  <reporter-output>
    <line>
      <![CDATA[===server started===]]>
    </line>
    <line>
      <![CDATA[===database connected sucessfully===]]>
    </line>
    <line>
      <![CDATA[==chromelaunched sucessfully]]>
    </line>
    <line>
      <![CDATA[==browser closed sucessfully]]>
    </line>
    <line>
      <![CDATA[==database closed sucessfully]]>
    </line>
    <line>
      <![CDATA[==server closed sucessfully==]]>
    </line>
  </reporter-output>
  <suite started-at="2025-09-04T13:42:43 IST" name="Default suite" finished-at="2025-09-04T13:42:58 IST" duration-ms="15410">
    <groups>
    </groups>
    <test started-at="2025-09-04T13:42:43 IST" name="Default test" finished-at="2025-09-04T13:42:58 IST" duration-ms="15410">
      <class name="com.Ecommerce.addToCart.AddToCartTest">
        <test-method is-config="true" signature="toConnectServer()[pri:0, instance:com.Ecommerce.addToCart.AddToCartTest@7ce026d3]" started-at="2025-09-04T13:42:43 IST" name="toConnectServer" finished-at="2025-09-04T13:42:43 IST" duration-ms="17" status="PASS">
          <reporter-output>
            <line>
              <![CDATA[===server started===]]>
            </line>
          </reporter-output>
        </test-method> <!-- toConnectServer -->
        <test-method is-config="true" signature="toConnectDatabase()[pri:0, instance:com.Ecommerce.addToCart.AddToCartTest@7ce026d3]" started-at="2025-09-04T13:42:43 IST" name="toConnectDatabase" finished-at="2025-09-04T13:42:43 IST" duration-ms="1" status="PASS">
          <reporter-output>
            <line>
              <![CDATA[===database connected sucessfully===]]>
            </line>
          </reporter-output>
        </test-method> <!-- toConnectDatabase -->
        <test-method is-config="true" signature="setUp(java.lang.String)[pri:0, instance:com.Ecommerce.addToCart.AddToCartTest@7ce026d3]" started-at="2025-09-04T13:42:43 IST" name="setUp" finished-at="2025-09-04T13:42:47 IST" duration-ms="4687" status="PASS">
          <params>
            <param index="0">
              <value>
                <![CDATA[chrome]]>
              </value>
            </param>
          </params>
          <reporter-output>
            <line>
              <![CDATA[==chromelaunched sucessfully]]>
            </line>
          </reporter-output>
        </test-method> <!-- setUp -->
        <test-method signature="addToCart()[pri:0, instance:com.Ecommerce.addToCart.AddToCartTest@7ce026d3]" started-at="2025-09-04T13:42:47 IST" name="addToCart" finished-at="2025-09-04T13:42:58 IST" duration-ms="10264" status="PASS">
          <reporter-output>
          </reporter-output>
        </test-method> <!-- addToCart -->
        <test-method is-config="true" signature="tearDown()[pri:0, instance:com.Ecommerce.addToCart.AddToCartTest@7ce026d3]" started-at="2025-09-04T13:42:58 IST" name="tearDown" finished-at="2025-09-04T13:42:58 IST" duration-ms="382" status="PASS">
          <reporter-output>
            <line>
              <![CDATA[==browser closed sucessfully]]>
            </line>
          </reporter-output>
        </test-method> <!-- tearDown -->
        <test-method is-config="true" signature="toCloseDb()[pri:0, instance:com.Ecommerce.addToCart.AddToCartTest@7ce026d3]" started-at="2025-09-04T13:42:58 IST" name="toCloseDb" finished-at="2025-09-04T13:42:58 IST" duration-ms="1" status="PASS">
          <reporter-output>
            <line>
              <![CDATA[==database closed sucessfully]]>
            </line>
          </reporter-output>
        </test-method> <!-- toCloseDb -->
        <test-method is-config="true" signature="toCloseServer()[pri:0, instance:com.Ecommerce.addToCart.AddToCartTest@7ce026d3]" started-at="2025-09-04T13:42:58 IST" name="toCloseServer" finished-at="2025-09-04T13:42:58 IST" duration-ms="1" status="PASS">
          <reporter-output>
            <line>
              <![CDATA[==server closed sucessfully==]]>
            </line>
          </reporter-output>
        </test-method> <!-- toCloseServer -->
      </class> <!-- com.Ecommerce.addToCart.AddToCartTest -->
    </test> <!-- Default test -->
  </suite> <!-- Default suite -->
</testng-results>
