<?xml version="1.0" encoding="UTF-8"?>
<!-- Generated by org.testng.reporters.JUnitXMLReporter -->
<testsuite ignored="0" hostname="LAPTOP-EEAS1CV9" failures="0" tests="11" name="ChromeTest" time="27.216" errors="0" timestamp="2025-08-19T17:02:45 IST">
  <testcase classname="com.Ecommerce.login.LoginTest" name="positiveLoginTest" time="3.962"/>
  <testcase classname="com.Ecommerce.login.LoginTest" name="negativeLoginTest" time="1.146"/>
  <testcase classname="com.Ecommerce.login.LoginTest" name="negativeLoginTest" time="1.268"/>
  <testcase classname="com.Ecommerce.login.LoginTest" name="negativeLoginTest" time="1.205"/>
  <testcase classname="com.Ecommerce.login.LoginTest" name="negativeLoginTest" time="1.197"/>
  <testcase classname="com.Ecommerce.login.LoginTest" name="negativeLoginTest" time="1.16"/>
  <testcase classname="com.Ecommerce.login.LoginTest" name="negativeLoginTest" time="1.215"/>
  <testcase classname="com.Ecommerce.login.LoginTest" name="negativeLoginTest" time="1.204"/>
  <testcase classname="com.Ecommerce.login.LoginTest" name="negativeLoginTest" time="1.664"/>
  <testcase classname="com.Ecommerce.login.LoginTest" name="negativeLoginTest" time="1.252"/>
  <testcase classname="com.Ecommerce.login.LoginTest" name="negativeLoginTest" time="1.255"/>
</testsuite> <!-- ChromeTest -->
