<?xml version="1.0" encoding="UTF-8"?>
<!-- Generated by org.testng.reporters.JUnitXMLReporter -->
<testsuite ignored="0" hostname="LAPTOP-EEAS1CV9" failures="0" tests="10" name="Test1" time="47.98" errors="0" timestamp="2025-08-19T16:47:24 IST">
  <testcase classname="com.Ecommerce.register.RegisterTest" name="register" time="4.339"/>
  <testcase classname="com.Ecommerce.register.RegisterTest" name="register" time="6.039"/>
  <testcase classname="com.Ecommerce.register.RegisterTest" name="register" time="3.588"/>
  <testcase classname="com.Ecommerce.register.RegisterTest" name="register" time="3.301"/>
  <testcase classname="com.Ecommerce.register.RegisterTest" name="register" time="3.782"/>
  <testcase classname="com.Ecommerce.register.RegisterTest" name="register" time="3.33"/>
  <testcase classname="com.Ecommerce.register.RegisterTest" name="register" time="3.198"/>
  <testcase classname="com.Ecommerce.register.RegisterTest" name="register" time="3.273"/>
  <testcase classname="com.Ecommerce.register.RegisterTest" name="register" time="3.233"/>
  <testcase classname="com.Ecommerce.register.RegisterTest" name="register" time="3.2"/>
</testsuite> <!-- Test1 -->
