<?xml version="1.0" encoding="UTF-8"?>
<!-- Generated by org.testng.reporters.JUnitXMLReporter -->
<testsuite ignored="0" hostname="LAPTOP-EEAS1CV9" failures="0" tests="11" name="Test2" time="30.072" errors="0" timestamp="2025-08-19T16:47:06 IST">
  <testcase classname="com.Ecommerce.login.LoginTest" name="positiveLoginTest" time="3.183"/>
  <testcase classname="com.Ecommerce.login.LoginTest" name="negativeLoginTest" time="1.996"/>
  <testcase classname="com.Ecommerce.login.LoginTest" name="negativeLoginTest" time="3.219"/>
  <testcase classname="com.Ecommerce.login.LoginTest" name="negativeLoginTest" time="1.323"/>
  <testcase classname="com.Ecommerce.login.LoginTest" name="negativeLoginTest" time="1.469"/>
  <testcase classname="com.Ecommerce.login.LoginTest" name="negativeLoginTest" time="1.206"/>
  <testcase classname="com.Ecommerce.login.LoginTest" name="negativeLoginTest" time="1.274"/>
  <testcase classname="com.Ecommerce.login.LoginTest" name="negativeLoginTest" time="1.307"/>
  <testcase classname="com.Ecommerce.login.LoginTest" name="negativeLoginTest" time="1.236"/>
  <testcase classname="com.Ecommerce.login.LoginTest" name="negativeLoginTest" time="1.927"/>
  <testcase classname="com.Ecommerce.login.LoginTest" name="negativeLoginTest" time="1.125"/>
</testsuite> <!-- Test2 -->
