<?xml version="1.0" encoding="UTF-8"?>
<!-- Generated by org.testng.reporters.JUnitXMLReporter -->
<testsuite ignored="1" hostname="LAPTOP-EEAS1CV9" failures="0" tests="1" name="Default test" time="8.068" errors="0" timestamp="2025-08-21T15:43:33 IST">
  <testcase classname="com.Ecommerce.login.LoginTest" name="positiveLoginTest" time="1.791"/>
  <testcase classname="com.Ecommerce.login.LoginTest" name="negativeLoginTest" time="0.0">
    <ignored/>
  </testcase> <!-- negativeLoginTest -->
</testsuite> <!-- Default test -->
